<?xml version="1.0" encoding="UTF-8"?>
<!-- Generated by org.testng.reporters.JUnitXMLReporter -->
<testsuite ignored="0" hostname="RameshCh" failures="3" tests="34" name="OpenCartTest" time="636.865" errors="0" timestamp="2024-05-14T17:33:34 MST">
  <testcase classname="com.qa.opencart.testcases.ProductDetailsPageTest" name="@AfterClass doLogout" time="90.611">
    <failure type="org.openqa.selenium.TimeoutException" message="Expected condition failed: waiting for element to be clickable: Proxy element for: DefaultElementLocator &amp;apos;By.linkText: Logout&amp;apos; (tried for 45 second(s) with 500 milliseconds interval)">
      <![CDATA[org.openqa.selenium.TimeoutException: Expected condition failed: waiting for element to be clickable: Proxy element for: DefaultElementLocator 'By.linkText: Logout' (tried for 45 second(s) with 500 milliseconds interval)
at org.openqa.selenium.support.ui.WebDriverWait.timeoutException(WebDriverWait.java:84)
at org.openqa.selenium.support.ui.FluentWait.until(FluentWait.java:228)
at com.qa.opencart.utils.WebDriverUtils.click(WebDriverUtils.java:212)
at com.qa.opencart.pages.MyAccountPage.clickLogoutLink(MyAccountPage.java:82)
at com.qa.opencart.testcases.ProductDetailsPageTest.doLogout(ProductDetailsPageTest.java:103)
at java.base/java.util.ArrayList.forEach(ArrayList.java:1541)
Caused by: org.openqa.selenium.NoSuchElementException: no such element: Unable to locate element: {"method":"link text","selector":"Logout"}
  (Session info: chrome=124.0.6367.63)
For documentation on this error, please visit: https://www.selenium.dev/documentation/webdriver/troubleshooting/errors#no-such-element-exception
Build info: version: '4.20.0', revision: '866c76ca80'
System info: os.name: 'Windows 11', os.arch: 'amd64', os.version: '10.0', java.version: '11.0.19'
Driver info: org.openqa.selenium.chrome.ChromeDriver
Command: [9969333a5dee090c5a4bb1150c763d4e, findElement {using=link text, value=Logout}]
Capabilities {acceptInsecureCerts: true, browserName: chrome, browserVersion: 124.0.6367.63, chrome: {chromedriverVersion: 124.0.6367.207 (a9001a6e39f..., userDataDir: C:\Users\rames\AppData\Loca...}, fedcm:accounts: true, goog:chromeOptions: {debuggerAddress: localhost:50787}, networkConnectionEnabled: false, pageLoadStrategy: normal, platformName: windows, proxy: Proxy(), se:cdp: ws://localhost:50787/devtoo..., se:cdpVersion: 124.0.6367.63, setWindowRect: true, strictFileInteractability: false, timeouts: {implicit: 0, pageLoad: 300000, script: 30000}, unhandledPromptBehavior: dismiss and notify, webauthn:extension:credBlob: true, webauthn:extension:largeBlob: true, webauthn:extension:minPinLength: true, webauthn:extension:prf: true, webauthn:virtualAuthenticators: true}
Session ID: 9969333a5dee090c5a4bb1150c763d4e
at org.openqa.selenium.remote.ErrorCodec.decode(ErrorCodec.java:167)
at org.openqa.selenium.remote.codec.w3c.W3CHttpResponseCodec.decode(W3CHttpResponseCodec.java:138)
at org.openqa.selenium.remote.codec.w3c.W3CHttpResponseCodec.decode(W3CHttpResponseCodec.java:50)
at org.openqa.selenium.remote.HttpCommandExecutor.execute(HttpCommandExecutor.java:190)
at org.openqa.selenium.remote.service.DriverCommandExecutor.invokeExecute(DriverCommandExecutor.java:216)
at org.openqa.selenium.remote.service.DriverCommandExecutor.execute(DriverCommandExecutor.java:174)
at org.openqa.selenium.remote.RemoteWebDriver.execute(RemoteWebDriver.java:518)
at org.openqa.selenium.remote.ElementLocation$ElementFinder$2.findElement(ElementLocation.java:165)
at org.openqa.selenium.remote.ElementLocation.findElement(ElementLocation.java:59)
at org.openqa.selenium.remote.RemoteWebDriver.findElement(RemoteWebDriver.java:355)
at org.openqa.selenium.remote.RemoteWebDriver.findElement(RemoteWebDriver.java:349)
at org.openqa.selenium.support.pagefactory.DefaultElementLocator.findElement(DefaultElementLocator.java:68)
at org.openqa.selenium.support.pagefactory.internal.LocatingElementHandler.invoke(LocatingElementHandler.java:38)
at com.sun.proxy.$Proxy35.isDisplayed(Unknown Source)
at org.openqa.selenium.support.ui.ExpectedConditions.elementIfVisible(ExpectedConditions.java:304)
at org.openqa.selenium.support.ui.ExpectedConditions$10.apply(ExpectedConditions.java:290)
at org.openqa.selenium.support.ui.ExpectedConditions$10.apply(ExpectedConditions.java:287)
at org.openqa.selenium.support.ui.ExpectedConditions$23.apply(ExpectedConditions.java:656)
at org.openqa.selenium.support.ui.ExpectedConditions$23.apply(ExpectedConditions.java:652)
at org.openqa.selenium.support.ui.FluentWait.until(FluentWait.java:203)
... 30 more
... Removed 30 stack frames]]>
    </failure>
  </testcase> <!-- @AfterClass doLogout -->
  <testcase classname="com.qa.opencart.factory.TestBase" name="@AfterClass commonTearDown" time="0.0">
    <skipped/>
  </testcase> <!-- @AfterClass commonTearDown -->
  <testcase classname="com.qa.opencart.testcases.HomePageTest" name="verifyOpenCartLogoTest" time="0.257"/>
  <testcase classname="com.qa.opencart.testcases.HomePageTest" name="verifyOpenCartPageTitleTest" time="0.022"/>
  <testcase classname="com.qa.opencart.testcases.HomePageTest" name="verifyFeaturedCardsCountTest" time="0.034"/>
  <testcase classname="com.qa.opencart.testcases.HomePageTest" name="navigateToRegistrationPageTest" time="8.097"/>
  <testcase classname="com.qa.opencart.testcases.HomePageTest" name="navigateToLoginPageTest" time="7.729"/>
  <testcase classname="com.qa.opencart.testcases.LoginPageTest" name="verifyLoginPageUrlTest" time="0.048"/>
  <testcase classname="com.qa.opencart.testcases.LoginPageTest" name="verifyLoginPageTitleTest" time="0.015"/>
  <testcase classname="com.qa.opencart.testcases.LoginPageTest" name="verifyLoginPageElementsTest" time="0.217"/>
  <testcase classname="com.qa.opencart.testcases.LoginPageTest" name="navigateToRegistrationPageTest" time="5.523"/>
  <testcase classname="com.qa.opencart.testcases.LoginPageTest" name="navigateToForgotPasswordPageTest" time="5.373"/>
  <testcase classname="com.qa.opencart.testcases.LoginPageTest" name="emptyCredLoginTest" time="11.596"/>
  <testcase classname="com.qa.opencart.testcases.LoginPageTest" name="happypathLoginTest" time="7.794"/>
  <testcase classname="com.qa.opencart.testcases.LoginPageTest" name="logoutTest" time="5.66"/>
  <testcase classname="com.qa.opencart.testcases.MyAccountPageTest" name="verifyMyAccountPageUrlTest" time="0.032"/>
  <testcase classname="com.qa.opencart.testcases.MyAccountPageTest" name="verifyMyAccountPageTitleTest" time="0.012"/>
  <testcase classname="com.qa.opencart.testcases.MyAccountPageTest" name="verifyMyAccountPageElementsTest" time="2.477"/>
  <testcase classname="com.qa.opencart.testcases.MyAccountPageTest" name="verifyMyAccountMenuOptionTest" time="2.329"/>
  <testcase classname="com.qa.opencart.testcases.MyAccountPageTest" name="verifyMyAccountHeaderListTest" time="0.082"/>
  <testcase classname="com.qa.opencart.testcases.MyAccountPageTest" name="verifyBrokenLinksInMyAccountPageTest" time="90.133"/>
  <testcase classname="com.qa.opencart.testcases.MyAccountPageTest" name="performProductSearchTest" time="5.626">
    <failure type="org.openqa.selenium.ElementClickInterceptedException" message="element click intercepted: Element &amp;lt;button type=&amp;quot;button&amp;quot; class=&amp;quot;btn btn-default btn-lg&amp;quot; style=&amp;quot;border: solid 2px white&amp;quot;&amp;gt;...&amp;lt;/button&amp;gt; is not clickable at point (994, 84). Other element would receive the click: &amp;lt;a href=&amp;quot;https://naveenautomationlabs.com/opencart/index.php?route=account/order&amp;quot;&amp;gt;...&amp;lt;/a&amp;gt;
  (Session info: chrome=124.0.6367.63)
Build info: version: &amp;apos;4.20.0&amp;apos;, revision: &amp;apos;866c76ca80&amp;apos;
System info: os.name: &amp;apos;Windows 11&amp;apos;, os.arch: &amp;apos;amd64&amp;apos;, os.version: &amp;apos;10.0&amp;apos;, java.version: &amp;apos;11.0.19&amp;apos;
Driver info: org.openqa.selenium.chrome.ChromeDriver
Command: [97beb48344d2cbf448e9d7e9c60b8071, clickElement {id=f.510796BDD8AF77EB08864666114E6ED4.d.30D5BF9B2251280F4CA0789B3F4DBD0C.e.216}]
Capabilities {acceptInsecureCerts: true, browserName: chrome, browserVersion: 124.0.6367.63, chrome: {chromedriverVersion: 124.0.6367.207 (a9001a6e39f..., userDataDir: C:\Users\rames\AppData\Loca...}, fedcm:accounts: true, goog:chromeOptions: {debuggerAddress: localhost:49198}, networkConnectionEnabled: false, pageLoadStrategy: normal, platformName: windows, proxy: Proxy(), se:cdp: ws://localhost:49198/devtoo..., se:cdpVersion: 124.0.6367.63, setWindowRect: true, strictFileInteractability: false, timeouts: {implicit: 0, pageLoad: 300000, script: 30000}, unhandledPromptBehavior: dismiss and notify, webauthn:extension:credBlob: true, webauthn:extension:largeBlob: true, webauthn:extension:minPinLength: true, webauthn:extension:prf: true, webauthn:virtualAuthenticators: true}
Element: [[ChromeDriver: chrome on windows (97beb48344d2cbf448e9d7e9c60b8071)] -&amp;gt; css selector: button[class=&amp;apos;btn btn-default btn-lg&amp;apos;]]
Session ID: 97beb48344d2cbf448e9d7e9c60b8071">
      <![CDATA[org.openqa.selenium.ElementClickInterceptedException: element click intercepted: Element <button type="button" class="btn btn-default btn-lg" style="border: solid 2px white">...</button> is not clickable at point (994, 84). Other element would receive the click: <a href="https://naveenautomationlabs.com/opencart/index.php?route=account/order">...</a>
  (Session info: chrome=124.0.6367.63)
Build info: version: '4.20.0', revision: '866c76ca80'
System info: os.name: 'Windows 11', os.arch: 'amd64', os.version: '10.0', java.version: '11.0.19'
Driver info: org.openqa.selenium.chrome.ChromeDriver
Command: [97beb48344d2cbf448e9d7e9c60b8071, clickElement {id=f.510796BDD8AF77EB08864666114E6ED4.d.30D5BF9B2251280F4CA0789B3F4DBD0C.e.216}]
Capabilities {acceptInsecureCerts: true, browserName: chrome, browserVersion: 124.0.6367.63, chrome: {chromedriverVersion: 124.0.6367.207 (a9001a6e39f..., userDataDir: C:\Users\rames\AppData\Loca...}, fedcm:accounts: true, goog:chromeOptions: {debuggerAddress: localhost:49198}, networkConnectionEnabled: false, pageLoadStrategy: normal, platformName: windows, proxy: Proxy(), se:cdp: ws://localhost:49198/devtoo..., se:cdpVersion: 124.0.6367.63, setWindowRect: true, strictFileInteractability: false, timeouts: {implicit: 0, pageLoad: 300000, script: 30000}, unhandledPromptBehavior: dismiss and notify, webauthn:extension:credBlob: true, webauthn:extension:largeBlob: true, webauthn:extension:minPinLength: true, webauthn:extension:prf: true, webauthn:virtualAuthenticators: true}
Element: [[ChromeDriver: chrome on windows (97beb48344d2cbf448e9d7e9c60b8071)] -> css selector: button[class='btn btn-default btn-lg']]
Session ID: 97beb48344d2cbf448e9d7e9c60b8071
at org.openqa.selenium.remote.ErrorCodec.decode(ErrorCodec.java:167)
at org.openqa.selenium.remote.codec.w3c.W3CHttpResponseCodec.decode(W3CHttpResponseCodec.java:138)
at org.openqa.selenium.remote.codec.w3c.W3CHttpResponseCodec.decode(W3CHttpResponseCodec.java:50)
at org.openqa.selenium.remote.HttpCommandExecutor.execute(HttpCommandExecutor.java:190)
at org.openqa.selenium.remote.service.DriverCommandExecutor.invokeExecute(DriverCommandExecutor.java:216)
at org.openqa.selenium.remote.service.DriverCommandExecutor.execute(DriverCommandExecutor.java:174)
at org.openqa.selenium.remote.RemoteWebDriver.execute(RemoteWebDriver.java:518)
at org.openqa.selenium.remote.RemoteWebElement.execute(RemoteWebElement.java:223)
at org.openqa.selenium.remote.RemoteWebElement.click(RemoteWebElement.java:76)
at org.openqa.selenium.support.pagefactory.internal.LocatingElementHandler.invoke(LocatingElementHandler.java:51)
at com.sun.proxy.$Proxy35.click(Unknown Source)
at com.qa.opencart.utils.WebDriverUtils.click(WebDriverUtils.java:215)
at com.qa.opencart.pages.MyAccountPage.doProductSearch(MyAccountPage.java:150)
at com.qa.opencart.testcases.MyAccountPageTest.performProductSearchTest(MyAccountPageTest.java:83)
at java.base/java.util.ArrayList.forEach(ArrayList.java:1541)
... Removed 34 stack frames]]>
    </failure>
  </testcase> <!-- performProductSearchTest -->
  <testcase classname="com.qa.opencart.testcases.MyAccountPageTest" name="performProductSearchTest" time="5.642">
    <failure type="org.openqa.selenium.ElementClickInterceptedException" message="element click intercepted: Element &amp;lt;button type=&amp;quot;button&amp;quot; class=&amp;quot;btn btn-default btn-lg&amp;quot; style=&amp;quot;border: solid 2px white&amp;quot;&amp;gt;...&amp;lt;/button&amp;gt; is not clickable at point (994, 84). Other element would receive the click: &amp;lt;a href=&amp;quot;https://naveenautomationlabs.com/opencart/index.php?route=account/order&amp;quot;&amp;gt;...&amp;lt;/a&amp;gt;
  (Session info: chrome=124.0.6367.63)
Build info: version: &amp;apos;4.20.0&amp;apos;, revision: &amp;apos;866c76ca80&amp;apos;
System info: os.name: &amp;apos;Windows 11&amp;apos;, os.arch: &amp;apos;amd64&amp;apos;, os.version: &amp;apos;10.0&amp;apos;, java.version: &amp;apos;11.0.19&amp;apos;
Driver info: org.openqa.selenium.chrome.ChromeDriver
Command: [97beb48344d2cbf448e9d7e9c60b8071, clickElement {id=f.510796BDD8AF77EB08864666114E6ED4.d.30D5BF9B2251280F4CA0789B3F4DBD0C.e.216}]
Capabilities {acceptInsecureCerts: true, browserName: chrome, browserVersion: 124.0.6367.63, chrome: {chromedriverVersion: 124.0.6367.207 (a9001a6e39f..., userDataDir: C:\Users\rames\AppData\Loca...}, fedcm:accounts: true, goog:chromeOptions: {debuggerAddress: localhost:49198}, networkConnectionEnabled: false, pageLoadStrategy: normal, platformName: windows, proxy: Proxy(), se:cdp: ws://localhost:49198/devtoo..., se:cdpVersion: 124.0.6367.63, setWindowRect: true, strictFileInteractability: false, timeouts: {implicit: 0, pageLoad: 300000, script: 30000}, unhandledPromptBehavior: dismiss and notify, webauthn:extension:credBlob: true, webauthn:extension:largeBlob: true, webauthn:extension:minPinLength: true, webauthn:extension:prf: true, webauthn:virtualAuthenticators: true}
Element: [[ChromeDriver: chrome on windows (97beb48344d2cbf448e9d7e9c60b8071)] -&amp;gt; css selector: button[class=&amp;apos;btn btn-default btn-lg&amp;apos;]]
Session ID: 97beb48344d2cbf448e9d7e9c60b8071">
      <![CDATA[org.openqa.selenium.ElementClickInterceptedException: element click intercepted: Element <button type="button" class="btn btn-default btn-lg" style="border: solid 2px white">...</button> is not clickable at point (994, 84). Other element would receive the click: <a href="https://naveenautomationlabs.com/opencart/index.php?route=account/order">...</a>
  (Session info: chrome=124.0.6367.63)
Build info: version: '4.20.0', revision: '866c76ca80'
System info: os.name: 'Windows 11', os.arch: 'amd64', os.version: '10.0', java.version: '11.0.19'
Driver info: org.openqa.selenium.chrome.ChromeDriver
Command: [97beb48344d2cbf448e9d7e9c60b8071, clickElement {id=f.510796BDD8AF77EB08864666114E6ED4.d.30D5BF9B2251280F4CA0789B3F4DBD0C.e.216}]
Capabilities {acceptInsecureCerts: true, browserName: chrome, browserVersion: 124.0.6367.63, chrome: {chromedriverVersion: 124.0.6367.207 (a9001a6e39f..., userDataDir: C:\Users\rames\AppData\Loca...}, fedcm:accounts: true, goog:chromeOptions: {debuggerAddress: localhost:49198}, networkConnectionEnabled: false, pageLoadStrategy: normal, platformName: windows, proxy: Proxy(), se:cdp: ws://localhost:49198/devtoo..., se:cdpVersion: 124.0.6367.63, setWindowRect: true, strictFileInteractability: false, timeouts: {implicit: 0, pageLoad: 300000, script: 30000}, unhandledPromptBehavior: dismiss and notify, webauthn:extension:credBlob: true, webauthn:extension:largeBlob: true, webauthn:extension:minPinLength: true, webauthn:extension:prf: true, webauthn:virtualAuthenticators: true}
Element: [[ChromeDriver: chrome on windows (97beb48344d2cbf448e9d7e9c60b8071)] -> css selector: button[class='btn btn-default btn-lg']]
Session ID: 97beb48344d2cbf448e9d7e9c60b8071
at org.openqa.selenium.remote.ErrorCodec.decode(ErrorCodec.java:167)
at org.openqa.selenium.remote.codec.w3c.W3CHttpResponseCodec.decode(W3CHttpResponseCodec.java:138)
at org.openqa.selenium.remote.codec.w3c.W3CHttpResponseCodec.decode(W3CHttpResponseCodec.java:50)
at org.openqa.selenium.remote.HttpCommandExecutor.execute(HttpCommandExecutor.java:190)
at org.openqa.selenium.remote.service.DriverCommandExecutor.invokeExecute(DriverCommandExecutor.java:216)
at org.openqa.selenium.remote.service.DriverCommandExecutor.execute(DriverCommandExecutor.java:174)
at org.openqa.selenium.remote.RemoteWebDriver.execute(RemoteWebDriver.java:518)
at org.openqa.selenium.remote.RemoteWebElement.execute(RemoteWebElement.java:223)
at org.openqa.selenium.remote.RemoteWebElement.click(RemoteWebElement.java:76)
at org.openqa.selenium.support.pagefactory.internal.LocatingElementHandler.invoke(LocatingElementHandler.java:51)
at com.sun.proxy.$Proxy35.click(Unknown Source)
at com.qa.opencart.utils.WebDriverUtils.click(WebDriverUtils.java:215)
at com.qa.opencart.pages.MyAccountPage.doProductSearch(MyAccountPage.java:150)
at com.qa.opencart.testcases.MyAccountPageTest.performProductSearchTest(MyAccountPageTest.java:83)
at java.base/java.util.ArrayList.forEach(ArrayList.java:1541)
... Removed 34 stack frames]]>
    </failure>
  </testcase> <!-- performProductSearchTest -->
  <testcase classname="com.qa.opencart.testcases.MyAccountPageTest" name="performProductSearchTest" time="5.626">
    <failure type="org.openqa.selenium.ElementClickInterceptedException" message="element click intercepted: Element &amp;lt;button type=&amp;quot;button&amp;quot; class=&amp;quot;btn btn-default btn-lg&amp;quot; style=&amp;quot;border: solid 2px white&amp;quot;&amp;gt;...&amp;lt;/button&amp;gt; is not clickable at point (994, 84). Other element would receive the click: &amp;lt;a href=&amp;quot;https://naveenautomationlabs.com/opencart/index.php?route=account/order&amp;quot;&amp;gt;...&amp;lt;/a&amp;gt;
  (Session info: chrome=124.0.6367.63)
Build info: version: &amp;apos;4.20.0&amp;apos;, revision: &amp;apos;866c76ca80&amp;apos;
System info: os.name: &amp;apos;Windows 11&amp;apos;, os.arch: &amp;apos;amd64&amp;apos;, os.version: &amp;apos;10.0&amp;apos;, java.version: &amp;apos;11.0.19&amp;apos;
Driver info: org.openqa.selenium.chrome.ChromeDriver
Command: [97beb48344d2cbf448e9d7e9c60b8071, clickElement {id=f.510796BDD8AF77EB08864666114E6ED4.d.30D5BF9B2251280F4CA0789B3F4DBD0C.e.216}]
Capabilities {acceptInsecureCerts: true, browserName: chrome, browserVersion: 124.0.6367.63, chrome: {chromedriverVersion: 124.0.6367.207 (a9001a6e39f..., userDataDir: C:\Users\rames\AppData\Loca...}, fedcm:accounts: true, goog:chromeOptions: {debuggerAddress: localhost:49198}, networkConnectionEnabled: false, pageLoadStrategy: normal, platformName: windows, proxy: Proxy(), se:cdp: ws://localhost:49198/devtoo..., se:cdpVersion: 124.0.6367.63, setWindowRect: true, strictFileInteractability: false, timeouts: {implicit: 0, pageLoad: 300000, script: 30000}, unhandledPromptBehavior: dismiss and notify, webauthn:extension:credBlob: true, webauthn:extension:largeBlob: true, webauthn:extension:minPinLength: true, webauthn:extension:prf: true, webauthn:virtualAuthenticators: true}
Element: [[ChromeDriver: chrome on windows (97beb48344d2cbf448e9d7e9c60b8071)] -&amp;gt; css selector: button[class=&amp;apos;btn btn-default btn-lg&amp;apos;]]
Session ID: 97beb48344d2cbf448e9d7e9c60b8071">
      <![CDATA[org.openqa.selenium.ElementClickInterceptedException: element click intercepted: Element <button type="button" class="btn btn-default btn-lg" style="border: solid 2px white">...</button> is not clickable at point (994, 84). Other element would receive the click: <a href="https://naveenautomationlabs.com/opencart/index.php?route=account/order">...</a>
  (Session info: chrome=124.0.6367.63)
Build info: version: '4.20.0', revision: '866c76ca80'
System info: os.name: 'Windows 11', os.arch: 'amd64', os.version: '10.0', java.version: '11.0.19'
Driver info: org.openqa.selenium.chrome.ChromeDriver
Command: [97beb48344d2cbf448e9d7e9c60b8071, clickElement {id=f.510796BDD8AF77EB08864666114E6ED4.d.30D5BF9B2251280F4CA0789B3F4DBD0C.e.216}]
Capabilities {acceptInsecureCerts: true, browserName: chrome, browserVersion: 124.0.6367.63, chrome: {chromedriverVersion: 124.0.6367.207 (a9001a6e39f..., userDataDir: C:\Users\rames\AppData\Loca...}, fedcm:accounts: true, goog:chromeOptions: {debuggerAddress: localhost:49198}, networkConnectionEnabled: false, pageLoadStrategy: normal, platformName: windows, proxy: Proxy(), se:cdp: ws://localhost:49198/devtoo..., se:cdpVersion: 124.0.6367.63, setWindowRect: true, strictFileInteractability: false, timeouts: {implicit: 0, pageLoad: 300000, script: 30000}, unhandledPromptBehavior: dismiss and notify, webauthn:extension:credBlob: true, webauthn:extension:largeBlob: true, webauthn:extension:minPinLength: true, webauthn:extension:prf: true, webauthn:virtualAuthenticators: true}
Element: [[ChromeDriver: chrome on windows (97beb48344d2cbf448e9d7e9c60b8071)] -> css selector: button[class='btn btn-default btn-lg']]
Session ID: 97beb48344d2cbf448e9d7e9c60b8071
at org.openqa.selenium.remote.ErrorCodec.decode(ErrorCodec.java:167)
at org.openqa.selenium.remote.codec.w3c.W3CHttpResponseCodec.decode(W3CHttpResponseCodec.java:138)
at org.openqa.selenium.remote.codec.w3c.W3CHttpResponseCodec.decode(W3CHttpResponseCodec.java:50)
at org.openqa.selenium.remote.HttpCommandExecutor.execute(HttpCommandExecutor.java:190)
at org.openqa.selenium.remote.service.DriverCommandExecutor.invokeExecute(DriverCommandExecutor.java:216)
at org.openqa.selenium.remote.service.DriverCommandExecutor.execute(DriverCommandExecutor.java:174)
at org.openqa.selenium.remote.RemoteWebDriver.execute(RemoteWebDriver.java:518)
at org.openqa.selenium.remote.RemoteWebElement.execute(RemoteWebElement.java:223)
at org.openqa.selenium.remote.RemoteWebElement.click(RemoteWebElement.java:76)
at org.openqa.selenium.support.pagefactory.internal.LocatingElementHandler.invoke(LocatingElementHandler.java:51)
at com.sun.proxy.$Proxy35.click(Unknown Source)
at com.qa.opencart.utils.WebDriverUtils.click(WebDriverUtils.java:215)
at com.qa.opencart.pages.MyAccountPage.doProductSearch(MyAccountPage.java:150)
at com.qa.opencart.testcases.MyAccountPageTest.performProductSearchTest(MyAccountPageTest.java:83)
at java.base/java.util.ArrayList.forEach(ArrayList.java:1541)
... Removed 34 stack frames]]>
    </failure>
  </testcase> <!-- performProductSearchTest -->
  <testcase classname="com.qa.opencart.testcases.MyAccountPageTest" name="logoutTest" time="5.964"/>
  <testcase classname="com.qa.opencart.testcases.RegistrationPageTest" name="RegisterAccountTest" time="31.158"/>
  <testcase classname="com.qa.opencart.testcases.RegistrationPageTest" name="registerAccountWithExcelDataTest" time="30.603"/>
  <testcase classname="com.qa.opencart.testcases.RegistrationPageTest" name="registerAccountWithExcelDataTest" time="30.41"/>
  <testcase classname="com.qa.opencart.testcases.RegistrationPageTest" name="registerAccountWithExcelDataTest" time="30.52"/>
  <testcase classname="com.qa.opencart.testcases.RegistrationPageTest" name="registerAccountWithExcelDataTest" time="30.624"/>
  <testcase classname="com.qa.opencart.testcases.ProductDetailsPageTest" name="productImageTest" time="15.761"/>
  <testcase classname="com.qa.opencart.testcases.ProductDetailsPageTest" name="productImageTest" time="15.07"/>
  <testcase classname="com.qa.opencart.testcases.ProductDetailsPageTest" name="productImageTest" time="14.906"/>
  <testcase classname="com.qa.opencart.testcases.ProductDetailsPageTest" name="productImageTest" time="14.977"/>
  <testcase classname="com.qa.opencart.testcases.ProductDetailsPageTest" name="productImageTest" time="15.141"/>
  <testcase classname="com.qa.opencart.testcases.ProductDetailsPageTest" name="ProductMetadataTest" time="15.108"/>
</testsuite> <!-- OpenCartTest -->
