<html>
<head>
<title>TestNG:  OpenCartTest</title>
<link href="../testng.css" rel="stylesheet" type="text/css" />
<link href="../my-testng.css" rel="stylesheet" type="text/css" />

<style type="text/css">
.log { display: none;} 
.stack-trace { display: none;} 
</style>
<script type="text/javascript">
<!--
function flip(e) {
  current = e.style.display;
  if (current == 'block') {
    e.style.display = 'none';
    return 0;
  }
  else {
    e.style.display = 'block';
    return 1;
  }
}

function toggleBox(szDivId, elem, msg1, msg2)
{
  var res = -1;  if (document.getElementById) {
    res = flip(document.getElementById(szDivId));
  }
  else if (document.all) {
    // this is the way old msie versions work
    res = flip(document.all[szDivId]);
  }
  if(elem) {
    if(res == 0) elem.innerHTML = msg1; else elem.innerHTML = msg2;
  }

}

function toggleAllBoxes() {
  if (document.getElementsByTagName) {
    d = document.getElementsByTagName('div');
    for (i = 0; i < d.length; i++) {
      if (d[i].className == 'log') {
        flip(d[i]);
      }
    }
  }
}

// -->
</script>

</head>
<body>
<h2 align='center'>OpenCartTest</h2><table border='1' align="center">
<tr>
<td>Tests passed/Failed/Skipped:</td><td>31/3/0</td>
</tr><tr>
<td>Started on:</td><td>Tue May 14 17:22:57 MST 2024</td>
</tr>
<tr><td>Total time:</td><td>636 seconds (636865 ms)</td>
</tr><tr>
<td>Included groups:</td><td></td>
</tr><tr>
<td>Excluded groups:</td><td></td>
</tr>
</table><p/>
<small><i>(Hover the method name to see the test class name)</i></small><p/>
<table width='100%' border='1' class='invocation-failed'>
<tr><td colspan='4' align='center'><b>FAILED CONFIGURATIONS</b></td></tr>
<tr><td><b>Test method</b></td>
<td><b>Attribute(s)</b></td>
<td width="30%"><b>Exception</b></td>
<td width="10%"><b>Time (seconds)</b></td>
<td><b>Instance</b></td>
</tr>
<tr>
<td title='com.qa.opencart.testcases.ProductDetailsPageTest.doLogout()'><b>doLogout</b><br>Test class: com.qa.opencart.testcases.ProductDetailsPageTest</td>
<td><div><pre>org.openqa.selenium.TimeoutException: Expected condition failed: waiting for element to be clickable: Proxy element for: DefaultElementLocator &apos;By.linkText: Logout&apos; (tried for 45 second(s) with 500 milliseconds interval)
	at org.openqa.selenium.support.ui.WebDriverWait.timeoutException(WebDriverWait.java:84)
	at org.openqa.selenium.support.ui.FluentWait.until(FluentWait.java:228)
	at com.qa.opencart.utils.WebDriverUtils.click(WebDriverUtils.java:212)
	at com.qa.opencart.pages.MyAccountPage.clickLogoutLink(MyAccountPage.java:82)
	at com.qa.opencart.testcases.ProductDetailsPageTest.doLogout(ProductDetailsPageTest.java:103)
	at java.base/java.util.ArrayList.forEach(ArrayList.java:1541)
Caused by: org.openqa.selenium.NoSuchElementException: no such element: Unable to locate element: {&quot;method&quot;:&quot;link text&quot;,&quot;selector&quot;:&quot;Logout&quot;}
  (Session info: chrome=124.0.6367.63)
For documentation on this error, please visit: https://www.selenium.dev/documentation/webdriver/troubleshooting/errors#no-such-element-exception
Build info: version: &apos;4.20.0&apos;, revision: &apos;866c76ca80&apos;
System info: os.name: &apos;Windows 11&apos;, os.arch: &apos;amd64&apos;, os.version: &apos;10.0&apos;, java.version: &apos;11.0.19&apos;
Driver info: org.openqa.selenium.chrome.ChromeDriver
Command: [9969333a5dee090c5a4bb1150c763d4e, findElement {using=link text, value=Logout}]
Capabilities {acceptInsecureCerts: true, browserName: chrome, browserVersion: 124.0.6367.63, chrome: {chromedriverVersion: 124.0.6367.207 (a9001a6e39f..., userDataDir: C:\Users\rames\AppData\Loca...}, fedcm:accounts: true, goog:chromeOptions: {debuggerAddress: localhost:50787}, networkConnectionEnabled: false, pageLoadStrategy: normal, platformName: windows, proxy: Proxy(), se:cdp: ws://localhost:50787/devtoo..., se:cdpVersion: 124.0.6367.63, setWindowRect: true, strictFileInteractability: false, timeouts: {implicit: 0, pageLoad: 300000, script: 30000}, unhandledPromptBehavior: dismiss and notify, webauthn:extension:credBlob: true, webauthn:extension:largeBlob: true, webauthn:extension:minPinLength: true, webauthn:extension:prf: true, webauthn:virtualAuthenticators: true}
Session ID: 9969333a5dee090c5a4bb1150c763d4e
	at org.openqa.selenium.remote.ErrorCodec.decode(ErrorCodec.java:167)
	at org.openqa.selenium.remote.codec.w3c.W3CHttpResponseCodec.decode(W3CHttpResponseCodec.java:138)
	at org.openqa.selenium.remote.codec.w3c.W3CHttpResponseCodec.decode(W3CHttpResponseCodec.java:50)
	at org.openqa.selenium.remote.HttpCommandExecutor.execute(HttpCommandExecutor.java:190)
	at org.openqa.selenium.remote.service.DriverCommandExecutor.invokeExecute(DriverCommandExecutor.java:216)
	at org.openqa.selenium.remote.service.DriverCommandExecutor.execute(DriverCommandExecutor.java:174)
	at org.openqa.selenium.remote.RemoteWebDriver.execute(RemoteWebDriver.java:518)
	at org.openqa.selenium.remote.ElementLocation$ElementFinder$2.findElement(ElementLocation.java:165)
	at org.openqa.selenium.remote.ElementLocation.findElement(ElementLocation.java:59)
	at org.openqa.selenium.remote.RemoteWebDriver.findElement(RemoteWebDriver.java:355)
	at org.openqa.selenium.remote.RemoteWebDriver.findElement(RemoteWebDriver.java:349)
	at org.openqa.selenium.support.pagefactory.DefaultElementLocator.findElement(DefaultElementLocator.java:68)
	at org.openqa.selenium.support.pagefactory.internal.LocatingElementHandler.invoke(LocatingElementHandler.java:38)
	at com.sun.proxy.$Proxy35.isDisplayed(Unknown Source)
	at org.openqa.selenium.support.ui.ExpectedConditions.elementIfVisible(ExpectedConditions.java:304)
	at org.openqa.selenium.support.ui.ExpectedConditions$10.apply(ExpectedConditions.java:290)
	at org.openqa.selenium.support.ui.ExpectedConditions$10.apply(ExpectedConditions.java:287)
	at org.openqa.selenium.support.ui.ExpectedConditions$23.apply(ExpectedConditions.java:656)
	at org.openqa.selenium.support.ui.ExpectedConditions$23.apply(ExpectedConditions.java:652)
	at org.openqa.selenium.support.ui.FluentWait.until(FluentWait.java:203)
	... 30 more
... Removed 30 stack frames</pre></div><a href='#' onClick='toggleBox("stack-trace1509553702", this, "Click to show all stack frames", "Click to hide stack frames")'>Click to show all stack frames</a>
<div class='stack-trace' id='stack-trace1509553702'><pre>org.openqa.selenium.TimeoutException: Expected condition failed: waiting for element to be clickable: Proxy element for: DefaultElementLocator &apos;By.linkText: Logout&apos; (tried for 45 second(s) with 500 milliseconds interval)
	at org.openqa.selenium.support.ui.WebDriverWait.timeoutException(WebDriverWait.java:84)
	at org.openqa.selenium.support.ui.FluentWait.until(FluentWait.java:228)
	at com.qa.opencart.utils.WebDriverUtils.click(WebDriverUtils.java:212)
	at com.qa.opencart.pages.MyAccountPage.clickLogoutLink(MyAccountPage.java:82)
	at com.qa.opencart.testcases.ProductDetailsPageTest.doLogout(ProductDetailsPageTest.java:103)
	at java.base/jdk.internal.reflect.NativeMethodAccessorImpl.invoke0(Native Method)
	at java.base/jdk.internal.reflect.NativeMethodAccessorImpl.invoke(NativeMethodAccessorImpl.java:62)
	at java.base/jdk.internal.reflect.DelegatingMethodAccessorImpl.invoke(DelegatingMethodAccessorImpl.java:43)
	at java.base/java.lang.reflect.Method.invoke(Method.java:566)
	at org.testng.internal.invokers.MethodInvocationHelper.invokeMethod(MethodInvocationHelper.java:141)
	at org.testng.internal.invokers.MethodInvocationHelper.invokeMethodConsideringTimeout(MethodInvocationHelper.java:71)
	at org.testng.internal.invokers.ConfigInvoker.invokeConfigurationMethod(ConfigInvoker.java:400)
	at org.testng.internal.invokers.ConfigInvoker.invokeConfigurations(ConfigInvoker.java:333)
	at org.testng.internal.invokers.TestMethodWorker.invokeAfterClassConfigurations(TestMethodWorker.java:238)
	at org.testng.internal.invokers.TestMethodWorker.invokeAfterClassMethods(TestMethodWorker.java:223)
	at org.testng.internal.invokers.TestMethodWorker.run(TestMethodWorker.java:137)
	at java.base/java.util.ArrayList.forEach(ArrayList.java:1541)
	at org.testng.TestRunner.privateRun(TestRunner.java:739)
	at org.testng.TestRunner.run(TestRunner.java:614)
	at org.testng.SuiteRunner.runTest(SuiteRunner.java:421)
	at org.testng.SuiteRunner.runSequentially(SuiteRunner.java:413)
	at org.testng.SuiteRunner.privateRun(SuiteRunner.java:373)
	at org.testng.SuiteRunner.run(SuiteRunner.java:312)
	at org.testng.SuiteRunnerWorker.runSuite(SuiteRunnerWorker.java:52)
	at org.testng.SuiteRunnerWorker.run(SuiteRunnerWorker.java:95)
	at org.testng.TestNG.runSuitesSequentially(TestNG.java:1274)
	at org.testng.TestNG.runSuitesLocally(TestNG.java:1208)
	at org.testng.TestNG.runSuites(TestNG.java:1112)
	at org.testng.TestNG.run(TestNG.java:1079)
	at org.testng.remote.AbstractRemoteTestNG.run(AbstractRemoteTestNG.java:115)
	at org.testng.remote.RemoteTestNG.initAndRun(RemoteTestNG.java:293)
	at org.testng.remote.RemoteTestNG.main(RemoteTestNG.java:91)
Caused by: org.openqa.selenium.NoSuchElementException: no such element: Unable to locate element: {&quot;method&quot;:&quot;link text&quot;,&quot;selector&quot;:&quot;Logout&quot;}
  (Session info: chrome=124.0.6367.63)
For documentation on this error, please visit: https://www.selenium.dev/documentation/webdriver/troubleshooting/errors#no-such-element-exception
Build info: version: &apos;4.20.0&apos;, revision: &apos;866c76ca80&apos;
System info: os.name: &apos;Windows 11&apos;, os.arch: &apos;amd64&apos;, os.version: &apos;10.0&apos;, java.version: &apos;11.0.19&apos;
Driver info: org.openqa.selenium.chrome.ChromeDriver
Command: [9969333a5dee090c5a4bb1150c763d4e, findElement {using=link text, value=Logout}]
Capabilities {acceptInsecureCerts: true, browserName: chrome, browserVersion: 124.0.6367.63, chrome: {chromedriverVersion: 124.0.6367.207 (a9001a6e39f..., userDataDir: C:\Users\rames\AppData\Loca...}, fedcm:accounts: true, goog:chromeOptions: {debuggerAddress: localhost:50787}, networkConnectionEnabled: false, pageLoadStrategy: normal, platformName: windows, proxy: Proxy(), se:cdp: ws://localhost:50787/devtoo..., se:cdpVersion: 124.0.6367.63, setWindowRect: true, strictFileInteractability: false, timeouts: {implicit: 0, pageLoad: 300000, script: 30000}, unhandledPromptBehavior: dismiss and notify, webauthn:extension:credBlob: true, webauthn:extension:largeBlob: true, webauthn:extension:minPinLength: true, webauthn:extension:prf: true, webauthn:virtualAuthenticators: true}
Session ID: 9969333a5dee090c5a4bb1150c763d4e
	at java.base/jdk.internal.reflect.NativeConstructorAccessorImpl.newInstance0(Native Method)
	at java.base/jdk.internal.reflect.NativeConstructorAccessorImpl.newInstance(NativeConstructorAccessorImpl.java:62)
	at java.base/jdk.internal.reflect.DelegatingConstructorAccessorImpl.newInstance(DelegatingConstructorAccessorImpl.java:45)
	at java.base/java.lang.reflect.Constructor.newInstance(Constructor.java:490)
	at org.openqa.selenium.remote.ErrorCodec.decode(ErrorCodec.java:167)
	at org.openqa.selenium.remote.codec.w3c.W3CHttpResponseCodec.decode(W3CHttpResponseCodec.java:138)
	at org.openqa.selenium.remote.codec.w3c.W3CHttpResponseCodec.decode(W3CHttpResponseCodec.java:50)
	at org.openqa.selenium.remote.HttpCommandExecutor.execute(HttpCommandExecutor.java:190)
	at org.openqa.selenium.remote.service.DriverCommandExecutor.invokeExecute(DriverCommandExecutor.java:216)
	at org.openqa.selenium.remote.service.DriverCommandExecutor.execute(DriverCommandExecutor.java:174)
	at org.openqa.selenium.remote.RemoteWebDriver.execute(RemoteWebDriver.java:518)
	at org.openqa.selenium.remote.ElementLocation$ElementFinder$2.findElement(ElementLocation.java:165)
	at org.openqa.selenium.remote.ElementLocation.findElement(ElementLocation.java:59)
	at org.openqa.selenium.remote.RemoteWebDriver.findElement(RemoteWebDriver.java:355)
	at org.openqa.selenium.remote.RemoteWebDriver.findElement(RemoteWebDriver.java:349)
	at org.openqa.selenium.support.pagefactory.DefaultElementLocator.findElement(DefaultElementLocator.java:68)
	at org.openqa.selenium.support.pagefactory.internal.LocatingElementHandler.invoke(LocatingElementHandler.java:38)
	at com.sun.proxy.$Proxy35.isDisplayed(Unknown Source)
	at org.openqa.selenium.support.ui.ExpectedConditions.elementIfVisible(ExpectedConditions.java:304)
	at org.openqa.selenium.support.ui.ExpectedConditions$10.apply(ExpectedConditions.java:290)
	at org.openqa.selenium.support.ui.ExpectedConditions$10.apply(ExpectedConditions.java:287)
	at org.openqa.selenium.support.ui.ExpectedConditions$23.apply(ExpectedConditions.java:656)
	at org.openqa.selenium.support.ui.ExpectedConditions$23.apply(ExpectedConditions.java:652)
	at org.openqa.selenium.support.ui.FluentWait.until(FluentWait.java:203)
	... 30 more
</pre></div></td>
<td>90</td>
<td>com.qa.opencart.testcases.ProductDetailsPageTest@393881f0</td></tr>
</table><p>
<table width='100%' border='1' class='invocation-skipped'>
<tr><td colspan='4' align='center'><b>SKIPPED CONFIGURATIONS</b></td></tr>
<tr><td><b>Test method</b></td>
<td><b>Attribute(s)</b></td>
<td width="30%"><b>Exception</b></td>
<td width="10%"><b>Time (seconds)</b></td>
<td><b>Instance</b></td>
</tr>
<tr>
<td title='com.qa.opencart.testcases.ProductDetailsPageTest.commonTearDown()'><b>commonTearDown</b><br>Test class: com.qa.opencart.testcases.ProductDetailsPageTest</td>
<td></td>
<td>0</td>
<td>com.qa.opencart.testcases.ProductDetailsPageTest@393881f0</td></tr>
</table><p>
<table width='100%' border='1' class='invocation-failed'>
<tr><td colspan='4' align='center'><b>FAILED TESTS</b></td></tr>
<tr><td><b>Test method</b></td>
<td><b>Attribute(s)</b></td>
<td width="30%"><b>Exception</b></td>
<td width="10%"><b>Time (seconds)</b></td>
<td><b>Instance</b></td>
</tr>
<tr>
<td title='com.qa.opencart.testcases.MyAccountPageTest.performProductSearchTest()'><b>performProductSearchTest</b><br>Test class: com.qa.opencart.testcases.MyAccountPageTest<br>Test method: TC_07_Perform the product search<br>Parameters: MacBook</td>
<td><div><pre>org.openqa.selenium.ElementClickInterceptedException: element click intercepted: Element &lt;button type=&quot;button&quot; class=&quot;btn btn-default btn-lg&quot; style=&quot;border: solid 2px white&quot;&gt;...&lt;/button&gt; is not clickable at point (994, 84). Other element would receive the click: &lt;a href=&quot;https://naveenautomationlabs.com/opencart/index.php?route=account/order&quot;&gt;...&lt;/a&gt;
  (Session info: chrome=124.0.6367.63)
Build info: version: &apos;4.20.0&apos;, revision: &apos;866c76ca80&apos;
System info: os.name: &apos;Windows 11&apos;, os.arch: &apos;amd64&apos;, os.version: &apos;10.0&apos;, java.version: &apos;11.0.19&apos;
Driver info: org.openqa.selenium.chrome.ChromeDriver
Command: [97beb48344d2cbf448e9d7e9c60b8071, clickElement {id=f.510796BDD8AF77EB08864666114E6ED4.d.30D5BF9B2251280F4CA0789B3F4DBD0C.e.216}]
Capabilities {acceptInsecureCerts: true, browserName: chrome, browserVersion: 124.0.6367.63, chrome: {chromedriverVersion: 124.0.6367.207 (a9001a6e39f..., userDataDir: C:\Users\rames\AppData\Loca...}, fedcm:accounts: true, goog:chromeOptions: {debuggerAddress: localhost:49198}, networkConnectionEnabled: false, pageLoadStrategy: normal, platformName: windows, proxy: Proxy(), se:cdp: ws://localhost:49198/devtoo..., se:cdpVersion: 124.0.6367.63, setWindowRect: true, strictFileInteractability: false, timeouts: {implicit: 0, pageLoad: 300000, script: 30000}, unhandledPromptBehavior: dismiss and notify, webauthn:extension:credBlob: true, webauthn:extension:largeBlob: true, webauthn:extension:minPinLength: true, webauthn:extension:prf: true, webauthn:virtualAuthenticators: true}
Element: [[ChromeDriver: chrome on windows (97beb48344d2cbf448e9d7e9c60b8071)] -&gt; css selector: button[class=&apos;btn btn-default btn-lg&apos;]]
Session ID: 97beb48344d2cbf448e9d7e9c60b8071
	at org.openqa.selenium.remote.ErrorCodec.decode(ErrorCodec.java:167)
	at org.openqa.selenium.remote.codec.w3c.W3CHttpResponseCodec.decode(W3CHttpResponseCodec.java:138)
	at org.openqa.selenium.remote.codec.w3c.W3CHttpResponseCodec.decode(W3CHttpResponseCodec.java:50)
	at org.openqa.selenium.remote.HttpCommandExecutor.execute(HttpCommandExecutor.java:190)
	at org.openqa.selenium.remote.service.DriverCommandExecutor.invokeExecute(DriverCommandExecutor.java:216)
	at org.openqa.selenium.remote.service.DriverCommandExecutor.execute(DriverCommandExecutor.java:174)
	at org.openqa.selenium.remote.RemoteWebDriver.execute(RemoteWebDriver.java:518)
	at org.openqa.selenium.remote.RemoteWebElement.execute(RemoteWebElement.java:223)
	at org.openqa.selenium.remote.RemoteWebElement.click(RemoteWebElement.java:76)
	at org.openqa.selenium.support.pagefactory.internal.LocatingElementHandler.invoke(LocatingElementHandler.java:51)
	at com.sun.proxy.$Proxy35.click(Unknown Source)
	at com.qa.opencart.utils.WebDriverUtils.click(WebDriverUtils.java:215)
	at com.qa.opencart.pages.MyAccountPage.doProductSearch(MyAccountPage.java:150)
	at com.qa.opencart.testcases.MyAccountPageTest.performProductSearchTest(MyAccountPageTest.java:83)
	at java.base/java.util.ArrayList.forEach(ArrayList.java:1541)
... Removed 34 stack frames</pre></div><a href='#' onClick='toggleBox("stack-trace1938904997", this, "Click to show all stack frames", "Click to hide stack frames")'>Click to show all stack frames</a>
<div class='stack-trace' id='stack-trace1938904997'><pre>org.openqa.selenium.ElementClickInterceptedException: element click intercepted: Element &lt;button type=&quot;button&quot; class=&quot;btn btn-default btn-lg&quot; style=&quot;border: solid 2px white&quot;&gt;...&lt;/button&gt; is not clickable at point (994, 84). Other element would receive the click: &lt;a href=&quot;https://naveenautomationlabs.com/opencart/index.php?route=account/order&quot;&gt;...&lt;/a&gt;
  (Session info: chrome=124.0.6367.63)
Build info: version: &apos;4.20.0&apos;, revision: &apos;866c76ca80&apos;
System info: os.name: &apos;Windows 11&apos;, os.arch: &apos;amd64&apos;, os.version: &apos;10.0&apos;, java.version: &apos;11.0.19&apos;
Driver info: org.openqa.selenium.chrome.ChromeDriver
Command: [97beb48344d2cbf448e9d7e9c60b8071, clickElement {id=f.510796BDD8AF77EB08864666114E6ED4.d.30D5BF9B2251280F4CA0789B3F4DBD0C.e.216}]
Capabilities {acceptInsecureCerts: true, browserName: chrome, browserVersion: 124.0.6367.63, chrome: {chromedriverVersion: 124.0.6367.207 (a9001a6e39f..., userDataDir: C:\Users\rames\AppData\Loca...}, fedcm:accounts: true, goog:chromeOptions: {debuggerAddress: localhost:49198}, networkConnectionEnabled: false, pageLoadStrategy: normal, platformName: windows, proxy: Proxy(), se:cdp: ws://localhost:49198/devtoo..., se:cdpVersion: 124.0.6367.63, setWindowRect: true, strictFileInteractability: false, timeouts: {implicit: 0, pageLoad: 300000, script: 30000}, unhandledPromptBehavior: dismiss and notify, webauthn:extension:credBlob: true, webauthn:extension:largeBlob: true, webauthn:extension:minPinLength: true, webauthn:extension:prf: true, webauthn:virtualAuthenticators: true}
Element: [[ChromeDriver: chrome on windows (97beb48344d2cbf448e9d7e9c60b8071)] -&gt; css selector: button[class=&apos;btn btn-default btn-lg&apos;]]
Session ID: 97beb48344d2cbf448e9d7e9c60b8071
	at java.base/jdk.internal.reflect.NativeConstructorAccessorImpl.newInstance0(Native Method)
	at java.base/jdk.internal.reflect.NativeConstructorAccessorImpl.newInstance(NativeConstructorAccessorImpl.java:62)
	at java.base/jdk.internal.reflect.DelegatingConstructorAccessorImpl.newInstance(DelegatingConstructorAccessorImpl.java:45)
	at java.base/java.lang.reflect.Constructor.newInstance(Constructor.java:490)
	at org.openqa.selenium.remote.ErrorCodec.decode(ErrorCodec.java:167)
	at org.openqa.selenium.remote.codec.w3c.W3CHttpResponseCodec.decode(W3CHttpResponseCodec.java:138)
	at org.openqa.selenium.remote.codec.w3c.W3CHttpResponseCodec.decode(W3CHttpResponseCodec.java:50)
	at org.openqa.selenium.remote.HttpCommandExecutor.execute(HttpCommandExecutor.java:190)
	at org.openqa.selenium.remote.service.DriverCommandExecutor.invokeExecute(DriverCommandExecutor.java:216)
	at org.openqa.selenium.remote.service.DriverCommandExecutor.execute(DriverCommandExecutor.java:174)
	at org.openqa.selenium.remote.RemoteWebDriver.execute(RemoteWebDriver.java:518)
	at org.openqa.selenium.remote.RemoteWebElement.execute(RemoteWebElement.java:223)
	at org.openqa.selenium.remote.RemoteWebElement.click(RemoteWebElement.java:76)
	at jdk.internal.reflect.GeneratedMethodAccessor26.invoke(Unknown Source)
	at java.base/jdk.internal.reflect.DelegatingMethodAccessorImpl.invoke(DelegatingMethodAccessorImpl.java:43)
	at java.base/java.lang.reflect.Method.invoke(Method.java:566)
	at org.openqa.selenium.support.pagefactory.internal.LocatingElementHandler.invoke(LocatingElementHandler.java:51)
	at com.sun.proxy.$Proxy35.click(Unknown Source)
	at com.qa.opencart.utils.WebDriverUtils.click(WebDriverUtils.java:215)
	at com.qa.opencart.pages.MyAccountPage.doProductSearch(MyAccountPage.java:150)
	at com.qa.opencart.testcases.MyAccountPageTest.performProductSearchTest(MyAccountPageTest.java:83)
	at java.base/jdk.internal.reflect.NativeMethodAccessorImpl.invoke0(Native Method)
	at java.base/jdk.internal.reflect.NativeMethodAccessorImpl.invoke(NativeMethodAccessorImpl.java:62)
	at java.base/jdk.internal.reflect.DelegatingMethodAccessorImpl.invoke(DelegatingMethodAccessorImpl.java:43)
	at java.base/java.lang.reflect.Method.invoke(Method.java:566)
	at org.testng.internal.invokers.MethodInvocationHelper.invokeMethod(MethodInvocationHelper.java:141)
	at org.testng.internal.invokers.TestInvoker.invokeMethod(TestInvoker.java:686)
	at org.testng.internal.invokers.TestInvoker.invokeTestMethod(TestInvoker.java:230)
	at org.testng.internal.invokers.MethodRunner.runInSequence(MethodRunner.java:63)
	at org.testng.internal.invokers.TestInvoker$MethodInvocationAgent.invoke(TestInvoker.java:992)
	at org.testng.internal.invokers.TestInvoker.invokeTestMethods(TestInvoker.java:203)
	at org.testng.internal.invokers.TestMethodWorker.invokeTestMethods(TestMethodWorker.java:154)
	at org.testng.internal.invokers.TestMethodWorker.run(TestMethodWorker.java:134)
	at java.base/java.util.ArrayList.forEach(ArrayList.java:1541)
	at org.testng.TestRunner.privateRun(TestRunner.java:739)
	at org.testng.TestRunner.run(TestRunner.java:614)
	at org.testng.SuiteRunner.runTest(SuiteRunner.java:421)
	at org.testng.SuiteRunner.runSequentially(SuiteRunner.java:413)
	at org.testng.SuiteRunner.privateRun(SuiteRunner.java:373)
	at org.testng.SuiteRunner.run(SuiteRunner.java:312)
	at org.testng.SuiteRunnerWorker.runSuite(SuiteRunnerWorker.java:52)
	at org.testng.SuiteRunnerWorker.run(SuiteRunnerWorker.java:95)
	at org.testng.TestNG.runSuitesSequentially(TestNG.java:1274)
	at org.testng.TestNG.runSuitesLocally(TestNG.java:1208)
	at org.testng.TestNG.runSuites(TestNG.java:1112)
	at org.testng.TestNG.run(TestNG.java:1079)
	at org.testng.remote.AbstractRemoteTestNG.run(AbstractRemoteTestNG.java:115)
	at org.testng.remote.RemoteTestNG.initAndRun(RemoteTestNG.java:293)
	at org.testng.remote.RemoteTestNG.main(RemoteTestNG.java:91)
</pre></div></td>
<td>5</td>
<td>com.qa.opencart.testcases.MyAccountPageTest@748fe51d</td></tr>
<tr>
<td title='com.qa.opencart.testcases.MyAccountPageTest.performProductSearchTest()'><b>performProductSearchTest</b><br>Test class: com.qa.opencart.testcases.MyAccountPageTest<br>Test method: TC_07_Perform the product search<br>Parameters: iMac</td>
<td><div><pre>org.openqa.selenium.ElementClickInterceptedException: element click intercepted: Element &lt;button type=&quot;button&quot; class=&quot;btn btn-default btn-lg&quot; style=&quot;border: solid 2px white&quot;&gt;...&lt;/button&gt; is not clickable at point (994, 84). Other element would receive the click: &lt;a href=&quot;https://naveenautomationlabs.com/opencart/index.php?route=account/order&quot;&gt;...&lt;/a&gt;
  (Session info: chrome=124.0.6367.63)
Build info: version: &apos;4.20.0&apos;, revision: &apos;866c76ca80&apos;
System info: os.name: &apos;Windows 11&apos;, os.arch: &apos;amd64&apos;, os.version: &apos;10.0&apos;, java.version: &apos;11.0.19&apos;
Driver info: org.openqa.selenium.chrome.ChromeDriver
Command: [97beb48344d2cbf448e9d7e9c60b8071, clickElement {id=f.510796BDD8AF77EB08864666114E6ED4.d.30D5BF9B2251280F4CA0789B3F4DBD0C.e.216}]
Capabilities {acceptInsecureCerts: true, browserName: chrome, browserVersion: 124.0.6367.63, chrome: {chromedriverVersion: 124.0.6367.207 (a9001a6e39f..., userDataDir: C:\Users\rames\AppData\Loca...}, fedcm:accounts: true, goog:chromeOptions: {debuggerAddress: localhost:49198}, networkConnectionEnabled: false, pageLoadStrategy: normal, platformName: windows, proxy: Proxy(), se:cdp: ws://localhost:49198/devtoo..., se:cdpVersion: 124.0.6367.63, setWindowRect: true, strictFileInteractability: false, timeouts: {implicit: 0, pageLoad: 300000, script: 30000}, unhandledPromptBehavior: dismiss and notify, webauthn:extension:credBlob: true, webauthn:extension:largeBlob: true, webauthn:extension:minPinLength: true, webauthn:extension:prf: true, webauthn:virtualAuthenticators: true}
Element: [[ChromeDriver: chrome on windows (97beb48344d2cbf448e9d7e9c60b8071)] -&gt; css selector: button[class=&apos;btn btn-default btn-lg&apos;]]
Session ID: 97beb48344d2cbf448e9d7e9c60b8071
	at org.openqa.selenium.remote.ErrorCodec.decode(ErrorCodec.java:167)
	at org.openqa.selenium.remote.codec.w3c.W3CHttpResponseCodec.decode(W3CHttpResponseCodec.java:138)
	at org.openqa.selenium.remote.codec.w3c.W3CHttpResponseCodec.decode(W3CHttpResponseCodec.java:50)
	at org.openqa.selenium.remote.HttpCommandExecutor.execute(HttpCommandExecutor.java:190)
	at org.openqa.selenium.remote.service.DriverCommandExecutor.invokeExecute(DriverCommandExecutor.java:216)
	at org.openqa.selenium.remote.service.DriverCommandExecutor.execute(DriverCommandExecutor.java:174)
	at org.openqa.selenium.remote.RemoteWebDriver.execute(RemoteWebDriver.java:518)
	at org.openqa.selenium.remote.RemoteWebElement.execute(RemoteWebElement.java:223)
	at org.openqa.selenium.remote.RemoteWebElement.click(RemoteWebElement.java:76)
	at org.openqa.selenium.support.pagefactory.internal.LocatingElementHandler.invoke(LocatingElementHandler.java:51)
	at com.sun.proxy.$Proxy35.click(Unknown Source)
	at com.qa.opencart.utils.WebDriverUtils.click(WebDriverUtils.java:215)
	at com.qa.opencart.pages.MyAccountPage.doProductSearch(MyAccountPage.java:150)
	at com.qa.opencart.testcases.MyAccountPageTest.performProductSearchTest(MyAccountPageTest.java:83)
	at java.base/java.util.ArrayList.forEach(ArrayList.java:1541)
... Removed 34 stack frames</pre></div><a href='#' onClick='toggleBox("stack-trace128997165", this, "Click to show all stack frames", "Click to hide stack frames")'>Click to show all stack frames</a>
<div class='stack-trace' id='stack-trace128997165'><pre>org.openqa.selenium.ElementClickInterceptedException: element click intercepted: Element &lt;button type=&quot;button&quot; class=&quot;btn btn-default btn-lg&quot; style=&quot;border: solid 2px white&quot;&gt;...&lt;/button&gt; is not clickable at point (994, 84). Other element would receive the click: &lt;a href=&quot;https://naveenautomationlabs.com/opencart/index.php?route=account/order&quot;&gt;...&lt;/a&gt;
  (Session info: chrome=124.0.6367.63)
Build info: version: &apos;4.20.0&apos;, revision: &apos;866c76ca80&apos;
System info: os.name: &apos;Windows 11&apos;, os.arch: &apos;amd64&apos;, os.version: &apos;10.0&apos;, java.version: &apos;11.0.19&apos;
Driver info: org.openqa.selenium.chrome.ChromeDriver
Command: [97beb48344d2cbf448e9d7e9c60b8071, clickElement {id=f.510796BDD8AF77EB08864666114E6ED4.d.30D5BF9B2251280F4CA0789B3F4DBD0C.e.216}]
Capabilities {acceptInsecureCerts: true, browserName: chrome, browserVersion: 124.0.6367.63, chrome: {chromedriverVersion: 124.0.6367.207 (a9001a6e39f..., userDataDir: C:\Users\rames\AppData\Loca...}, fedcm:accounts: true, goog:chromeOptions: {debuggerAddress: localhost:49198}, networkConnectionEnabled: false, pageLoadStrategy: normal, platformName: windows, proxy: Proxy(), se:cdp: ws://localhost:49198/devtoo..., se:cdpVersion: 124.0.6367.63, setWindowRect: true, strictFileInteractability: false, timeouts: {implicit: 0, pageLoad: 300000, script: 30000}, unhandledPromptBehavior: dismiss and notify, webauthn:extension:credBlob: true, webauthn:extension:largeBlob: true, webauthn:extension:minPinLength: true, webauthn:extension:prf: true, webauthn:virtualAuthenticators: true}
Element: [[ChromeDriver: chrome on windows (97beb48344d2cbf448e9d7e9c60b8071)] -&gt; css selector: button[class=&apos;btn btn-default btn-lg&apos;]]
Session ID: 97beb48344d2cbf448e9d7e9c60b8071
	at java.base/jdk.internal.reflect.NativeConstructorAccessorImpl.newInstance0(Native Method)
	at java.base/jdk.internal.reflect.NativeConstructorAccessorImpl.newInstance(NativeConstructorAccessorImpl.java:62)
	at java.base/jdk.internal.reflect.DelegatingConstructorAccessorImpl.newInstance(DelegatingConstructorAccessorImpl.java:45)
	at java.base/java.lang.reflect.Constructor.newInstance(Constructor.java:490)
	at org.openqa.selenium.remote.ErrorCodec.decode(ErrorCodec.java:167)
	at org.openqa.selenium.remote.codec.w3c.W3CHttpResponseCodec.decode(W3CHttpResponseCodec.java:138)
	at org.openqa.selenium.remote.codec.w3c.W3CHttpResponseCodec.decode(W3CHttpResponseCodec.java:50)
	at org.openqa.selenium.remote.HttpCommandExecutor.execute(HttpCommandExecutor.java:190)
	at org.openqa.selenium.remote.service.DriverCommandExecutor.invokeExecute(DriverCommandExecutor.java:216)
	at org.openqa.selenium.remote.service.DriverCommandExecutor.execute(DriverCommandExecutor.java:174)
	at org.openqa.selenium.remote.RemoteWebDriver.execute(RemoteWebDriver.java:518)
	at org.openqa.selenium.remote.RemoteWebElement.execute(RemoteWebElement.java:223)
	at org.openqa.selenium.remote.RemoteWebElement.click(RemoteWebElement.java:76)
	at jdk.internal.reflect.GeneratedMethodAccessor26.invoke(Unknown Source)
	at java.base/jdk.internal.reflect.DelegatingMethodAccessorImpl.invoke(DelegatingMethodAccessorImpl.java:43)
	at java.base/java.lang.reflect.Method.invoke(Method.java:566)
	at org.openqa.selenium.support.pagefactory.internal.LocatingElementHandler.invoke(LocatingElementHandler.java:51)
	at com.sun.proxy.$Proxy35.click(Unknown Source)
	at com.qa.opencart.utils.WebDriverUtils.click(WebDriverUtils.java:215)
	at com.qa.opencart.pages.MyAccountPage.doProductSearch(MyAccountPage.java:150)
	at com.qa.opencart.testcases.MyAccountPageTest.performProductSearchTest(MyAccountPageTest.java:83)
	at java.base/jdk.internal.reflect.NativeMethodAccessorImpl.invoke0(Native Method)
	at java.base/jdk.internal.reflect.NativeMethodAccessorImpl.invoke(NativeMethodAccessorImpl.java:62)
	at java.base/jdk.internal.reflect.DelegatingMethodAccessorImpl.invoke(DelegatingMethodAccessorImpl.java:43)
	at java.base/java.lang.reflect.Method.invoke(Method.java:566)
	at org.testng.internal.invokers.MethodInvocationHelper.invokeMethod(MethodInvocationHelper.java:141)
	at org.testng.internal.invokers.TestInvoker.invokeMethod(TestInvoker.java:686)
	at org.testng.internal.invokers.TestInvoker.invokeTestMethod(TestInvoker.java:230)
	at org.testng.internal.invokers.MethodRunner.runInSequence(MethodRunner.java:63)
	at org.testng.internal.invokers.TestInvoker$MethodInvocationAgent.invoke(TestInvoker.java:992)
	at org.testng.internal.invokers.TestInvoker.invokeTestMethods(TestInvoker.java:203)
	at org.testng.internal.invokers.TestMethodWorker.invokeTestMethods(TestMethodWorker.java:154)
	at org.testng.internal.invokers.TestMethodWorker.run(TestMethodWorker.java:134)
	at java.base/java.util.ArrayList.forEach(ArrayList.java:1541)
	at org.testng.TestRunner.privateRun(TestRunner.java:739)
	at org.testng.TestRunner.run(TestRunner.java:614)
	at org.testng.SuiteRunner.runTest(SuiteRunner.java:421)
	at org.testng.SuiteRunner.runSequentially(SuiteRunner.java:413)
	at org.testng.SuiteRunner.privateRun(SuiteRunner.java:373)
	at org.testng.SuiteRunner.run(SuiteRunner.java:312)
	at org.testng.SuiteRunnerWorker.runSuite(SuiteRunnerWorker.java:52)
	at org.testng.SuiteRunnerWorker.run(SuiteRunnerWorker.java:95)
	at org.testng.TestNG.runSuitesSequentially(TestNG.java:1274)
	at org.testng.TestNG.runSuitesLocally(TestNG.java:1208)
	at org.testng.TestNG.runSuites(TestNG.java:1112)
	at org.testng.TestNG.run(TestNG.java:1079)
	at org.testng.remote.AbstractRemoteTestNG.run(AbstractRemoteTestNG.java:115)
	at org.testng.remote.RemoteTestNG.initAndRun(RemoteTestNG.java:293)
	at org.testng.remote.RemoteTestNG.main(RemoteTestNG.java:91)
</pre></div></td>
<td>5</td>
<td>com.qa.opencart.testcases.MyAccountPageTest@748fe51d</td></tr>
<tr>
<td title='com.qa.opencart.testcases.MyAccountPageTest.performProductSearchTest()'><b>performProductSearchTest</b><br>Test class: com.qa.opencart.testcases.MyAccountPageTest<br>Test method: TC_07_Perform the product search<br>Parameters: Samsung</td>
<td><div><pre>org.openqa.selenium.ElementClickInterceptedException: element click intercepted: Element &lt;button type=&quot;button&quot; class=&quot;btn btn-default btn-lg&quot; style=&quot;border: solid 2px white&quot;&gt;...&lt;/button&gt; is not clickable at point (994, 84). Other element would receive the click: &lt;a href=&quot;https://naveenautomationlabs.com/opencart/index.php?route=account/order&quot;&gt;...&lt;/a&gt;
  (Session info: chrome=124.0.6367.63)
Build info: version: &apos;4.20.0&apos;, revision: &apos;866c76ca80&apos;
System info: os.name: &apos;Windows 11&apos;, os.arch: &apos;amd64&apos;, os.version: &apos;10.0&apos;, java.version: &apos;11.0.19&apos;
Driver info: org.openqa.selenium.chrome.ChromeDriver
Command: [97beb48344d2cbf448e9d7e9c60b8071, clickElement {id=f.510796BDD8AF77EB08864666114E6ED4.d.30D5BF9B2251280F4CA0789B3F4DBD0C.e.216}]
Capabilities {acceptInsecureCerts: true, browserName: chrome, browserVersion: 124.0.6367.63, chrome: {chromedriverVersion: 124.0.6367.207 (a9001a6e39f..., userDataDir: C:\Users\rames\AppData\Loca...}, fedcm:accounts: true, goog:chromeOptions: {debuggerAddress: localhost:49198}, networkConnectionEnabled: false, pageLoadStrategy: normal, platformName: windows, proxy: Proxy(), se:cdp: ws://localhost:49198/devtoo..., se:cdpVersion: 124.0.6367.63, setWindowRect: true, strictFileInteractability: false, timeouts: {implicit: 0, pageLoad: 300000, script: 30000}, unhandledPromptBehavior: dismiss and notify, webauthn:extension:credBlob: true, webauthn:extension:largeBlob: true, webauthn:extension:minPinLength: true, webauthn:extension:prf: true, webauthn:virtualAuthenticators: true}
Element: [[ChromeDriver: chrome on windows (97beb48344d2cbf448e9d7e9c60b8071)] -&gt; css selector: button[class=&apos;btn btn-default btn-lg&apos;]]
Session ID: 97beb48344d2cbf448e9d7e9c60b8071
	at org.openqa.selenium.remote.ErrorCodec.decode(ErrorCodec.java:167)
	at org.openqa.selenium.remote.codec.w3c.W3CHttpResponseCodec.decode(W3CHttpResponseCodec.java:138)
	at org.openqa.selenium.remote.codec.w3c.W3CHttpResponseCodec.decode(W3CHttpResponseCodec.java:50)
	at org.openqa.selenium.remote.HttpCommandExecutor.execute(HttpCommandExecutor.java:190)
	at org.openqa.selenium.remote.service.DriverCommandExecutor.invokeExecute(DriverCommandExecutor.java:216)
	at org.openqa.selenium.remote.service.DriverCommandExecutor.execute(DriverCommandExecutor.java:174)
	at org.openqa.selenium.remote.RemoteWebDriver.execute(RemoteWebDriver.java:518)
	at org.openqa.selenium.remote.RemoteWebElement.execute(RemoteWebElement.java:223)
	at org.openqa.selenium.remote.RemoteWebElement.click(RemoteWebElement.java:76)
	at org.openqa.selenium.support.pagefactory.internal.LocatingElementHandler.invoke(LocatingElementHandler.java:51)
	at com.sun.proxy.$Proxy35.click(Unknown Source)
	at com.qa.opencart.utils.WebDriverUtils.click(WebDriverUtils.java:215)
	at com.qa.opencart.pages.MyAccountPage.doProductSearch(MyAccountPage.java:150)
	at com.qa.opencart.testcases.MyAccountPageTest.performProductSearchTest(MyAccountPageTest.java:83)
	at java.base/java.util.ArrayList.forEach(ArrayList.java:1541)
... Removed 34 stack frames</pre></div><a href='#' onClick='toggleBox("stack-trace13919467", this, "Click to show all stack frames", "Click to hide stack frames")'>Click to show all stack frames</a>
<div class='stack-trace' id='stack-trace13919467'><pre>org.openqa.selenium.ElementClickInterceptedException: element click intercepted: Element &lt;button type=&quot;button&quot; class=&quot;btn btn-default btn-lg&quot; style=&quot;border: solid 2px white&quot;&gt;...&lt;/button&gt; is not clickable at point (994, 84). Other element would receive the click: &lt;a href=&quot;https://naveenautomationlabs.com/opencart/index.php?route=account/order&quot;&gt;...&lt;/a&gt;
  (Session info: chrome=124.0.6367.63)
Build info: version: &apos;4.20.0&apos;, revision: &apos;866c76ca80&apos;
System info: os.name: &apos;Windows 11&apos;, os.arch: &apos;amd64&apos;, os.version: &apos;10.0&apos;, java.version: &apos;11.0.19&apos;
Driver info: org.openqa.selenium.chrome.ChromeDriver
Command: [97beb48344d2cbf448e9d7e9c60b8071, clickElement {id=f.510796BDD8AF77EB08864666114E6ED4.d.30D5BF9B2251280F4CA0789B3F4DBD0C.e.216}]
Capabilities {acceptInsecureCerts: true, browserName: chrome, browserVersion: 124.0.6367.63, chrome: {chromedriverVersion: 124.0.6367.207 (a9001a6e39f..., userDataDir: C:\Users\rames\AppData\Loca...}, fedcm:accounts: true, goog:chromeOptions: {debuggerAddress: localhost:49198}, networkConnectionEnabled: false, pageLoadStrategy: normal, platformName: windows, proxy: Proxy(), se:cdp: ws://localhost:49198/devtoo..., se:cdpVersion: 124.0.6367.63, setWindowRect: true, strictFileInteractability: false, timeouts: {implicit: 0, pageLoad: 300000, script: 30000}, unhandledPromptBehavior: dismiss and notify, webauthn:extension:credBlob: true, webauthn:extension:largeBlob: true, webauthn:extension:minPinLength: true, webauthn:extension:prf: true, webauthn:virtualAuthenticators: true}
Element: [[ChromeDriver: chrome on windows (97beb48344d2cbf448e9d7e9c60b8071)] -&gt; css selector: button[class=&apos;btn btn-default btn-lg&apos;]]
Session ID: 97beb48344d2cbf448e9d7e9c60b8071
	at java.base/jdk.internal.reflect.NativeConstructorAccessorImpl.newInstance0(Native Method)
	at java.base/jdk.internal.reflect.NativeConstructorAccessorImpl.newInstance(NativeConstructorAccessorImpl.java:62)
	at java.base/jdk.internal.reflect.DelegatingConstructorAccessorImpl.newInstance(DelegatingConstructorAccessorImpl.java:45)
	at java.base/java.lang.reflect.Constructor.newInstance(Constructor.java:490)
	at org.openqa.selenium.remote.ErrorCodec.decode(ErrorCodec.java:167)
	at org.openqa.selenium.remote.codec.w3c.W3CHttpResponseCodec.decode(W3CHttpResponseCodec.java:138)
	at org.openqa.selenium.remote.codec.w3c.W3CHttpResponseCodec.decode(W3CHttpResponseCodec.java:50)
	at org.openqa.selenium.remote.HttpCommandExecutor.execute(HttpCommandExecutor.java:190)
	at org.openqa.selenium.remote.service.DriverCommandExecutor.invokeExecute(DriverCommandExecutor.java:216)
	at org.openqa.selenium.remote.service.DriverCommandExecutor.execute(DriverCommandExecutor.java:174)
	at org.openqa.selenium.remote.RemoteWebDriver.execute(RemoteWebDriver.java:518)
	at org.openqa.selenium.remote.RemoteWebElement.execute(RemoteWebElement.java:223)
	at org.openqa.selenium.remote.RemoteWebElement.click(RemoteWebElement.java:76)
	at jdk.internal.reflect.GeneratedMethodAccessor26.invoke(Unknown Source)
	at java.base/jdk.internal.reflect.DelegatingMethodAccessorImpl.invoke(DelegatingMethodAccessorImpl.java:43)
	at java.base/java.lang.reflect.Method.invoke(Method.java:566)
	at org.openqa.selenium.support.pagefactory.internal.LocatingElementHandler.invoke(LocatingElementHandler.java:51)
	at com.sun.proxy.$Proxy35.click(Unknown Source)
	at com.qa.opencart.utils.WebDriverUtils.click(WebDriverUtils.java:215)
	at com.qa.opencart.pages.MyAccountPage.doProductSearch(MyAccountPage.java:150)
	at com.qa.opencart.testcases.MyAccountPageTest.performProductSearchTest(MyAccountPageTest.java:83)
	at java.base/jdk.internal.reflect.NativeMethodAccessorImpl.invoke0(Native Method)
	at java.base/jdk.internal.reflect.NativeMethodAccessorImpl.invoke(NativeMethodAccessorImpl.java:62)
	at java.base/jdk.internal.reflect.DelegatingMethodAccessorImpl.invoke(DelegatingMethodAccessorImpl.java:43)
	at java.base/java.lang.reflect.Method.invoke(Method.java:566)
	at org.testng.internal.invokers.MethodInvocationHelper.invokeMethod(MethodInvocationHelper.java:141)
	at org.testng.internal.invokers.TestInvoker.invokeMethod(TestInvoker.java:686)
	at org.testng.internal.invokers.TestInvoker.invokeTestMethod(TestInvoker.java:230)
	at org.testng.internal.invokers.MethodRunner.runInSequence(MethodRunner.java:63)
	at org.testng.internal.invokers.TestInvoker$MethodInvocationAgent.invoke(TestInvoker.java:992)
	at org.testng.internal.invokers.TestInvoker.invokeTestMethods(TestInvoker.java:203)
	at org.testng.internal.invokers.TestMethodWorker.invokeTestMethods(TestMethodWorker.java:154)
	at org.testng.internal.invokers.TestMethodWorker.run(TestMethodWorker.java:134)
	at java.base/java.util.ArrayList.forEach(ArrayList.java:1541)
	at org.testng.TestRunner.privateRun(TestRunner.java:739)
	at org.testng.TestRunner.run(TestRunner.java:614)
	at org.testng.SuiteRunner.runTest(SuiteRunner.java:421)
	at org.testng.SuiteRunner.runSequentially(SuiteRunner.java:413)
	at org.testng.SuiteRunner.privateRun(SuiteRunner.java:373)
	at org.testng.SuiteRunner.run(SuiteRunner.java:312)
	at org.testng.SuiteRunnerWorker.runSuite(SuiteRunnerWorker.java:52)
	at org.testng.SuiteRunnerWorker.run(SuiteRunnerWorker.java:95)
	at org.testng.TestNG.runSuitesSequentially(TestNG.java:1274)
	at org.testng.TestNG.runSuitesLocally(TestNG.java:1208)
	at org.testng.TestNG.runSuites(TestNG.java:1112)
	at org.testng.TestNG.run(TestNG.java:1079)
	at org.testng.remote.AbstractRemoteTestNG.run(AbstractRemoteTestNG.java:115)
	at org.testng.remote.RemoteTestNG.initAndRun(RemoteTestNG.java:293)
	at org.testng.remote.RemoteTestNG.main(RemoteTestNG.java:91)
</pre></div></td>
<td>5</td>
<td>com.qa.opencart.testcases.MyAccountPageTest@748fe51d</td></tr>
</table><p>
<table width='100%' border='1' class='invocation-passed'>
<tr><td colspan='4' align='center'><b>PASSED TESTS</b></td></tr>
<tr><td><b>Test method</b></td>
<td><b>Attribute(s)</b></td>
<td width="30%"><b>Exception</b></td>
<td width="10%"><b>Time (seconds)</b></td>
<td><b>Instance</b></td>
</tr>
<tr>
<td title='com.qa.opencart.testcases.LoginPageTest.verifyLoginPageTitleTest()'><b>verifyLoginPageTitleTest</b><br>Test class: com.qa.opencart.testcases.LoginPageTest<br>Test method: TC_02_Verifying the login page title</td>
<td></td>
<td>0</td>
<td>com.qa.opencart.testcases.LoginPageTest@319854f0</td></tr>
<tr>
<td title='com.qa.opencart.testcases.RegistrationPageTest.registerAccountWithExcelDataTest()'><b>registerAccountWithExcelDataTest</b><br>Test class: com.qa.opencart.testcases.RegistrationPageTest<br>Test method: TC_02_Register an account with excel data<br>Parameters: manju, jayaprakash, 6.234445593E9, manju@123, no</td>
<td></td>
<td>30</td>
<td>com.qa.opencart.testcases.RegistrationPageTest@415156bf</td></tr>
<tr>
<td title='com.qa.opencart.testcases.LoginPageTest.verifyLoginPageElementsTest()'><b>verifyLoginPageElementsTest</b><br>Test class: com.qa.opencart.testcases.LoginPageTest<br>Test method: TC_03_Verifying the Login page elements</td>
<td></td>
<td>0</td>
<td>com.qa.opencart.testcases.LoginPageTest@319854f0</td></tr>
<tr>
<td title='com.qa.opencart.testcases.ProductDetailsPageTest.productImageTest()'><b>productImageTest</b><br>Test class: com.qa.opencart.testcases.ProductDetailsPageTest<br>Test method: TC_01_Verify the product image test<br>Parameters: Macbook, MacBook Pro, 4</td>
<td></td>
<td>15</td>
<td>com.qa.opencart.testcases.ProductDetailsPageTest@393881f0</td></tr>
<tr>
<td title='com.qa.opencart.testcases.ProductDetailsPageTest.productImageTest()'><b>productImageTest</b><br>Test class: com.qa.opencart.testcases.ProductDetailsPageTest<br>Test method: TC_01_Verify the product image test<br>Parameters: Macbook, MacBook Air, 4</td>
<td></td>
<td>15</td>
<td>com.qa.opencart.testcases.ProductDetailsPageTest@393881f0</td></tr>
<tr>
<td title='com.qa.opencart.testcases.HomePageTest.navigateToRegistrationPageTest()'><b>navigateToRegistrationPageTest</b><br>Test class: com.qa.opencart.testcases.HomePageTest<br>Test method: TC_04_navigate to registration page</td>
<td></td>
<td>8</td>
<td>com.qa.opencart.testcases.HomePageTest@1cbb3d3b</td></tr>
<tr>
<td title='com.qa.opencart.testcases.HomePageTest.verifyOpenCartLogoTest()'><b>verifyOpenCartLogoTest</b><br>Test class: com.qa.opencart.testcases.HomePageTest<br>Test method: TC_01_Verifying the opencart logo</td>
<td></td>
<td>0</td>
<td>com.qa.opencart.testcases.HomePageTest@1cbb3d3b</td></tr>
<tr>
<td title='com.qa.opencart.testcases.ProductDetailsPageTest.productImageTest()'><b>productImageTest</b><br>Test class: com.qa.opencart.testcases.ProductDetailsPageTest<br>Test method: TC_01_Verify the product image test<br>Parameters: iMac, iMac, 3</td>
<td></td>
<td>14</td>
<td>com.qa.opencart.testcases.ProductDetailsPageTest@393881f0</td></tr>
<tr>
<td title='com.qa.opencart.testcases.MyAccountPageTest.verifyBrokenLinksInMyAccountPageTest()'><b>verifyBrokenLinksInMyAccountPageTest</b><br>Test class: com.qa.opencart.testcases.MyAccountPageTest<br>Test method: TC_06_Verify the broken links in my account page</td>
<td></td>
<td>90</td>
<td>com.qa.opencart.testcases.MyAccountPageTest@748fe51d</td></tr>
<tr>
<td title='com.qa.opencart.testcases.LoginPageTest.verifyLoginPageUrlTest()'><b>verifyLoginPageUrlTest</b><br>Test class: com.qa.opencart.testcases.LoginPageTest<br>Test method: TC_01_Verifying the login page Url</td>
<td></td>
<td>0</td>
<td>com.qa.opencart.testcases.LoginPageTest@319854f0</td></tr>
<tr>
<td title='com.qa.opencart.testcases.HomePageTest.verifyOpenCartPageTitleTest()'><b>verifyOpenCartPageTitleTest</b><br>Test class: com.qa.opencart.testcases.HomePageTest<br>Test method: TC_02_Verifying the opencart page title</td>
<td></td>
<td>0</td>
<td>com.qa.opencart.testcases.HomePageTest@1cbb3d3b</td></tr>
<tr>
<td title='com.qa.opencart.testcases.LoginPageTest.happypathLoginTest()'><b>happypathLoginTest</b><br>Test class: com.qa.opencart.testcases.LoginPageTest<br>Test method: TC_07_Happypath login test</td>
<td></td>
<td>7</td>
<td>com.qa.opencart.testcases.LoginPageTest@319854f0</td></tr>
<tr>
<td title='com.qa.opencart.testcases.LoginPageTest.navigateToRegistrationPageTest()'><b>navigateToRegistrationPageTest</b><br>Test class: com.qa.opencart.testcases.LoginPageTest<br>Test method: TC_04_navigate to registration page</td>
<td></td>
<td>5</td>
<td>com.qa.opencart.testcases.LoginPageTest@319854f0</td></tr>
<tr>
<td title='com.qa.opencart.testcases.MyAccountPageTest.verifyMyAccountPageTitleTest()'><b>verifyMyAccountPageTitleTest</b><br>Test class: com.qa.opencart.testcases.MyAccountPageTest<br>Test method: TC_02_Verifying the my account page title</td>
<td></td>
<td>0</td>
<td>com.qa.opencart.testcases.MyAccountPageTest@748fe51d</td></tr>
<tr>
<td title='com.qa.opencart.testcases.ProductDetailsPageTest.ProductMetadataTest()'><b>ProductMetadataTest</b><br>Test class: com.qa.opencart.testcases.ProductDetailsPageTest<br>Test method: TC_02_ product_metadata Test</td>
<td></td>
<td>15</td>
<td>com.qa.opencart.testcases.ProductDetailsPageTest@393881f0</td></tr>
<tr>
<td title='com.qa.opencart.testcases.MyAccountPageTest.logoutTest()'><b>logoutTest</b><br>Test class: com.qa.opencart.testcases.MyAccountPageTest<br>Test method: TC_08_Logout test</td>
<td></td>
<td>5</td>
<td>com.qa.opencart.testcases.MyAccountPageTest@748fe51d</td></tr>
<tr>
<td title='com.qa.opencart.testcases.LoginPageTest.emptyCredLoginTest()'><b>emptyCredLoginTest</b><br>Test class: com.qa.opencart.testcases.LoginPageTest<br>Test method: TC_06_Empty credentials login test</td>
<td></td>
<td>11</td>
<td>com.qa.opencart.testcases.LoginPageTest@319854f0</td></tr>
<tr>
<td title='com.qa.opencart.testcases.MyAccountPageTest.verifyMyAccountPageUrlTest()'><b>verifyMyAccountPageUrlTest</b><br>Test class: com.qa.opencart.testcases.MyAccountPageTest<br>Test method: TC_01_Verifying the MyAccount page Url</td>
<td></td>
<td>0</td>
<td>com.qa.opencart.testcases.MyAccountPageTest@748fe51d</td></tr>
<tr>
<td title='com.qa.opencart.testcases.RegistrationPageTest.registerAccountWithExcelDataTest()'><b>registerAccountWithExcelDataTest</b><br>Test class: com.qa.opencart.testcases.RegistrationPageTest<br>Test method: TC_02_Register an account with excel data<br>Parameters: bhavana, Uppara, 2.065519189E9, bhavana@123, no</td>
<td></td>
<td>30</td>
<td>com.qa.opencart.testcases.RegistrationPageTest@415156bf</td></tr>
<tr>
<td title='com.qa.opencart.testcases.MyAccountPageTest.verifyMyAccountPageElementsTest()'><b>verifyMyAccountPageElementsTest</b><br>Test class: com.qa.opencart.testcases.MyAccountPageTest<br>Test method: TC_03_Verifying the My Account page elements</td>
<td></td>
<td>2</td>
<td>com.qa.opencart.testcases.MyAccountPageTest@748fe51d</td></tr>
<tr>
<td title='com.qa.opencart.testcases.RegistrationPageTest.RegisterAccountTest()'><b>RegisterAccountTest</b><br>Test class: com.qa.opencart.testcases.RegistrationPageTest<br>Test method: TC_01_Register an account with faker data</td>
<td></td>
<td>31</td>
<td>com.qa.opencart.testcases.RegistrationPageTest@415156bf</td></tr>
<tr>
<td title='com.qa.opencart.testcases.HomePageTest.verifyFeaturedCardsCountTest()'><b>verifyFeaturedCardsCountTest</b><br>Test class: com.qa.opencart.testcases.HomePageTest<br>Test method: TC_03_Verifying the featiured section cards count</td>
<td></td>
<td>0</td>
<td>com.qa.opencart.testcases.HomePageTest@1cbb3d3b</td></tr>
<tr>
<td title='com.qa.opencart.testcases.LoginPageTest.logoutTest()'><b>logoutTest</b><br>Test class: com.qa.opencart.testcases.LoginPageTest<br>Test method: TC_08_Logout test</td>
<td></td>
<td>5</td>
<td>com.qa.opencart.testcases.LoginPageTest@319854f0</td></tr>
<tr>
<td title='com.qa.opencart.testcases.MyAccountPageTest.verifyMyAccountHeaderListTest()'><b>verifyMyAccountHeaderListTest</b><br>Test class: com.qa.opencart.testcases.MyAccountPageTest<br>Test method: TC_05_Verify My account Header List</td>
<td></td>
<td>0</td>
<td>com.qa.opencart.testcases.MyAccountPageTest@748fe51d</td></tr>
<tr>
<td title='com.qa.opencart.testcases.RegistrationPageTest.registerAccountWithExcelDataTest()'><b>registerAccountWithExcelDataTest</b><br>Test class: com.qa.opencart.testcases.RegistrationPageTest<br>Test method: TC_02_Register an account with excel data<br>Parameters: harshini, ch, 6303236395, harshini@123, yes</td>
<td></td>
<td>30</td>
<td>com.qa.opencart.testcases.RegistrationPageTest@415156bf</td></tr>
<tr>
<td title='com.qa.opencart.testcases.RegistrationPageTest.registerAccountWithExcelDataTest()'><b>registerAccountWithExcelDataTest</b><br>Test class: com.qa.opencart.testcases.RegistrationPageTest<br>Test method: TC_02_Register an account with excel data<br>Parameters: Vandana, senthil, 3146069849, vandana@123, yes</td>
<td></td>
<td>30</td>
<td>com.qa.opencart.testcases.RegistrationPageTest@415156bf</td></tr>
<tr>
<td title='com.qa.opencart.testcases.LoginPageTest.navigateToForgotPasswordPageTest()'><b>navigateToForgotPasswordPageTest</b><br>Test class: com.qa.opencart.testcases.LoginPageTest<br>Test method: TC_05_navigate to forgotPassword page</td>
<td></td>
<td>5</td>
<td>com.qa.opencart.testcases.LoginPageTest@319854f0</td></tr>
<tr>
<td title='com.qa.opencart.testcases.ProductDetailsPageTest.productImageTest()'><b>productImageTest</b><br>Test class: com.qa.opencart.testcases.ProductDetailsPageTest<br>Test method: TC_01_Verify the product image test<br>Parameters: Samsung, Samsung SyncMaster 941BW, 1</td>
<td></td>
<td>14</td>
<td>com.qa.opencart.testcases.ProductDetailsPageTest@393881f0</td></tr>
<tr>
<td title='com.qa.opencart.testcases.MyAccountPageTest.verifyMyAccountMenuOptionTest()'><b>verifyMyAccountMenuOptionTest</b><br>Test class: com.qa.opencart.testcases.MyAccountPageTest<br>Test method: TC_04_Verify My account options List </td>
<td></td>
<td>2</td>
<td>com.qa.opencart.testcases.MyAccountPageTest@748fe51d</td></tr>
<tr>
<td title='com.qa.opencart.testcases.ProductDetailsPageTest.productImageTest()'><b>productImageTest</b><br>Test class: com.qa.opencart.testcases.ProductDetailsPageTest<br>Test method: TC_01_Verify the product image test<br>Parameters: Apple, Apple Cinema 30", 6</td>
<td></td>
<td>15</td>
<td>com.qa.opencart.testcases.ProductDetailsPageTest@393881f0</td></tr>
<tr>
<td title='com.qa.opencart.testcases.HomePageTest.navigateToLoginPageTest()'><b>navigateToLoginPageTest</b><br>Test class: com.qa.opencart.testcases.HomePageTest<br>Test method: TC_05_navigate to login page</td>
<td></td>
<td>7</td>
<td>com.qa.opencart.testcases.HomePageTest@1cbb3d3b</td></tr>
</table><p>
</body>
</html>